D:\Software Development\MatthewGollaher\SmashAttack\SmashAttack\wwwroot\Scripts\Shared\PageTools.js
D:\Software Development\MatthewGollaher\SmashAttack\SmashAttack\wwwroot\Scripts\Shared\PageTools.js.map
D:\Software Development\MatthewGollaher\SmashAttack\SmashAttack\wwwroot\Scripts\WiiUSmash4\Fighter\FighterViewModel.js
D:\Software Development\MatthewGollaher\SmashAttack\SmashAttack\wwwroot\Scripts\WiiUSmash4\Fighter\FighterViewModel.js.map
D:\Software Development\MatthewGollaher\SmashAttack\SmashAttack\wwwroot\Scripts\WiiUSmash4\Fighter\Icon.js
D:\Software Development\MatthewGollaher\SmashAttack\SmashAttack\wwwroot\Scripts\WiiUSmash4\Fighter\Icon.js.map
D:\Software Development\MatthewGollaher\SmashAttack\SmashAttack\wwwroot\Scripts\Shared\PageTools.js
D:\Software Development\MatthewGollaher\SmashAttack\SmashAttack\wwwroot\Scripts\Shared\PageTools.js.map
D:\Software Development\MatthewGollaher\SmashAttack\SmashAttack\wwwroot\Scripts\WiiUSmash4\Fighter\FighterViewModel.js
D:\Software Development\MatthewGollaher\SmashAttack\SmashAttack\wwwroot\Scripts\WiiUSmash4\Fighter\FighterViewModel.js.map
D:\Software Development\MatthewGollaher\SmashAttack\SmashAttack\wwwroot\Scripts\WiiUSmash4\Fighter\Icon.js
D:\Software Development\MatthewGollaher\SmashAttack\SmashAttack\wwwroot\Scripts\WiiUSmash4\Fighter\Icon.js.map
D:\Software Development\MatthewGollaher\SmashAttack\SmashAttack\wwwroot\Scripts\Shared\PageTools.js
D:\Software Development\MatthewGollaher\SmashAttack\SmashAttack\wwwroot\Scripts\Shared\PageTools.js.map
D:\Software Development\MatthewGollaher\SmashAttack\SmashAttack\wwwroot\Scripts\WiiUSmash4\Fighter\FighterViewModel.js
D:\Software Development\MatthewGollaher\SmashAttack\SmashAttack\wwwroot\Scripts\WiiUSmash4\Fighter\FighterViewModel.js.map
D:\Software Development\MatthewGollaher\SmashAttack\SmashAttack\wwwroot\Scripts\WiiUSmash4\Fighter\Icon.js
D:\Software Development\MatthewGollaher\SmashAttack\SmashAttack\wwwroot\Scripts\WiiUSmash4\Fighter\Icon.js.map
D:\Software Development\MatthewGollaher\SmashAttack\SmashAttack\wwwroot\Scripts\Shared\PageTools.js
D:\Software Development\MatthewGollaher\SmashAttack\SmashAttack\wwwroot\Scripts\Shared\PageTools.js.map
D:\Software Development\MatthewGollaher\SmashAttack\SmashAttack\wwwroot\Scripts\WiiUSmash4\Fighter\FighterViewModel.js
D:\Software Development\MatthewGollaher\SmashAttack\SmashAttack\wwwroot\Scripts\WiiUSmash4\Fighter\FighterViewModel.js.map
D:\Software Development\MatthewGollaher\SmashAttack\SmashAttack\wwwroot\Scripts\WiiUSmash4\Fighter\Icon.js
D:\Software Development\MatthewGollaher\SmashAttack\SmashAttack\wwwroot\Scripts\WiiUSmash4\Fighter\Icon.js.map
D:\Software Development\MatthewGollaher\SmashAttack\SmashAttack\wwwroot\Scripts\Shared\PageTools.js
D:\Software Development\MatthewGollaher\SmashAttack\SmashAttack\wwwroot\Scripts\Shared\PageTools.js.map
D:\Software Development\MatthewGollaher\SmashAttack\SmashAttack\wwwroot\Scripts\WiiUSmash4\Fighter\FighterViewModel.js
D:\Software Development\MatthewGollaher\SmashAttack\SmashAttack\wwwroot\Scripts\WiiUSmash4\Fighter\FighterViewModel.js.map
D:\Software Development\MatthewGollaher\SmashAttack\SmashAttack\wwwroot\Scripts\WiiUSmash4\Fighter\Icon.js
D:\Software Development\MatthewGollaher\SmashAttack\SmashAttack\wwwroot\Scripts\WiiUSmash4\Fighter\Icon.js.map
D:\Software Development\MatthewGollaher\SmashAttack\SmashAttack\wwwroot\Scripts\Shared\PageTools.js
D:\Software Development\MatthewGollaher\SmashAttack\SmashAttack\wwwroot\Scripts\Shared\PageTools.js.map
D:\Software Development\MatthewGollaher\SmashAttack\SmashAttack\wwwroot\Scripts\WiiUSmash4\Fighter\FighterViewModel.js
D:\Software Development\MatthewGollaher\SmashAttack\SmashAttack\wwwroot\Scripts\WiiUSmash4\Fighter\FighterViewModel.js.map
D:\Software Development\MatthewGollaher\SmashAttack\SmashAttack\wwwroot\Scripts\WiiUSmash4\Fighter\Icon.js
D:\Software Development\MatthewGollaher\SmashAttack\SmashAttack\wwwroot\Scripts\WiiUSmash4\Fighter\Icon.js.map
D:\Software Development\MatthewGollaher\SmashAttack\SmashAttack\wwwroot\Scripts\Shared\PageTools.js
D:\Software Development\MatthewGollaher\SmashAttack\SmashAttack\wwwroot\Scripts\Shared\PageTools.js.map
D:\Software Development\MatthewGollaher\SmashAttack\SmashAttack\wwwroot\Scripts\WiiUSmash4\Fighter\FighterViewModel.js
D:\Software Development\MatthewGollaher\SmashAttack\SmashAttack\wwwroot\Scripts\WiiUSmash4\Fighter\FighterViewModel.js.map
D:\Software Development\MatthewGollaher\SmashAttack\SmashAttack\wwwroot\Scripts\WiiUSmash4\Fighter\Icon.js
D:\Software Development\MatthewGollaher\SmashAttack\SmashAttack\wwwroot\Scripts\WiiUSmash4\Fighter\Icon.js.map
D:\Software Development\MatthewGollaher\SmashAttack\SmashAttack\wwwroot\Scripts\Shared\PageTools.js
D:\Software Development\MatthewGollaher\SmashAttack\SmashAttack\wwwroot\Scripts\Shared\PageTools.js.map
D:\Software Development\MatthewGollaher\SmashAttack\SmashAttack\wwwroot\Scripts\WiiUSmash4\Fighter\FighterViewModel.js
D:\Software Development\MatthewGollaher\SmashAttack\SmashAttack\wwwroot\Scripts\WiiUSmash4\Fighter\FighterViewModel.js.map
D:\Software Development\MatthewGollaher\SmashAttack\SmashAttack\wwwroot\Scripts\WiiUSmash4\Fighter\Icon.js
D:\Software Development\MatthewGollaher\SmashAttack\SmashAttack\wwwroot\Scripts\WiiUSmash4\Fighter\Icon.js.map
D:\Software Development\MatthewGollaher\SmashAttack\SmashAttack\wwwroot\Scripts\Shared\PageTools.js
D:\Software Development\MatthewGollaher\SmashAttack\SmashAttack\wwwroot\Scripts\Shared\PageTools.js.map
D:\Software Development\MatthewGollaher\SmashAttack\SmashAttack\wwwroot\Scripts\WiiUSmash4\Fighter\FighterViewModel.js
D:\Software Development\MatthewGollaher\SmashAttack\SmashAttack\wwwroot\Scripts\WiiUSmash4\Fighter\FighterViewModel.js.map
D:\Software Development\MatthewGollaher\SmashAttack\SmashAttack\wwwroot\Scripts\WiiUSmash4\Fighter\Icon.js
D:\Software Development\MatthewGollaher\SmashAttack\SmashAttack\wwwroot\Scripts\WiiUSmash4\Fighter\Icon.js.map
D:\Software Development\MatthewGollaher\SmashAttack\SmashAttack\wwwroot\Scripts\Shared\PageTools.js
D:\Software Development\MatthewGollaher\SmashAttack\SmashAttack\wwwroot\Scripts\Shared\PageTools.js.map
D:\Software Development\MatthewGollaher\SmashAttack\SmashAttack\wwwroot\Scripts\WiiUSmash4\Fighter\FighterViewModel.js
D:\Software Development\MatthewGollaher\SmashAttack\SmashAttack\wwwroot\Scripts\WiiUSmash4\Fighter\FighterViewModel.js.map
D:\Software Development\MatthewGollaher\SmashAttack\SmashAttack\wwwroot\Scripts\WiiUSmash4\Fighter\Icon.js
D:\Software Development\MatthewGollaher\SmashAttack\SmashAttack\wwwroot\Scripts\WiiUSmash4\Fighter\Icon.js.map
D:\Software Development\MatthewGollaher\SmashAttack\SmashAttack\wwwroot\Scripts\Shared\PageTools.js
D:\Software Development\MatthewGollaher\SmashAttack\SmashAttack\wwwroot\Scripts\Shared\PageTools.js.map
D:\Software Development\MatthewGollaher\SmashAttack\SmashAttack\wwwroot\Scripts\WiiUSmash4\Fighter\FighterViewModel.js
D:\Software Development\MatthewGollaher\SmashAttack\SmashAttack\wwwroot\Scripts\WiiUSmash4\Fighter\FighterViewModel.js.map
D:\Software Development\MatthewGollaher\SmashAttack\SmashAttack\wwwroot\Scripts\WiiUSmash4\Fighter\Icon.js
D:\Software Development\MatthewGollaher\SmashAttack\SmashAttack\wwwroot\Scripts\WiiUSmash4\Fighter\Icon.js.map
